2007
2008
2009
2010
2011
2012
2013
2014
2015
2016
2017
2018
2019
2020
1.74 days to Cape Verde from Upwelling region

============================
 Job utilisation efficiency
============================

Job ID: 14700299
Cluster: viking
User/Group: mjr583/clusterusers
State: COMPLETED (exit code 0)
Cores: 1
CPU Utilized: 00:16:33
CPU Efficiency: 48.23% of 00:34:19 core-walltime
Job Wall-clock time: 00:34:19
Memory Utilized: 3.32 GB
Memory Efficiency: 41.51% of 8.00 GB
 Requested wall clock time: 01:30:00
    Actual wall clock time: 00:34:19
Wall clock time efficiency: 38.1%
           Job queued time: 00:00:41
