/users/mjr583/scratch/python_environments/envs/my_env/lib/python3.7/site-packages/matplotlib/colors.py:1110: RuntimeWarning: invalid value encountered in less_equal
  mask |= resdat <= 0
Plot saved

============================
 Job utilisation efficiency
============================

Job ID: 8862799
Cluster: viking
User/Group: mjr583/clusterusers
State: RUNNING
Cores: 1
CPU Utilized: 00:01:52
CPU Efficiency: 47.46% of 00:03:56 core-walltime
Job Wall-clock time: 00:03:56
Memory Utilized: 3.87 GB
Memory Efficiency: 48.37% of 8.00 GB
WARNING: Efficiency statistics may be misleading for RUNNING jobs.
 Requested wall clock time: 00:30:00
    Actual wall clock time: 00:03:56
Wall clock time efficiency: 13.1%
           Job queued time: 00:00:25
