/users/mjr583/scratch/python_environments/envs/my_env/lib/python3.7/site-packages/matplotlib/colors.py:1110: RuntimeWarning: invalid value encountered in less_equal
  mask |= resdat <= 0
Plot saved

============================
 Job utilisation efficiency
============================

Job ID: 8264514
Cluster: viking
User/Group: mjr583/clusterusers
State: COMPLETED (exit code 0)
Cores: 1
CPU Utilized: 00:02:09
CPU Efficiency: 30.42% of 00:07:04 core-walltime
Job Wall-clock time: 00:07:04
Memory Utilized: 4.02 GB
Memory Efficiency: 50.29% of 8.00 GB
 Requested wall clock time: 00:30:00
    Actual wall clock time: 00:07:04
Wall clock time efficiency: 23.6%
           Job queued time: 00:00:19
