2007
(124, 80, 999)
(124, 80, 999)
(112, 80, 999)
(116, 80, 999)
(124, 80, 999)
(124, 80, 999)
(120, 80, 999)
(120, 80, 999)
(124, 80, 999)
(124, 80, 999)
(120, 80, 999)
(120, 80, 999)
(124, 80, 999)
(124, 80, 999)
(124, 80, 999)
(124, 80, 999)
(120, 80, 999)
(120, 80, 999)
(124, 80, 999)
(124, 80, 999)
(120, 80, 999)
(120, 80, 999)
(124, 80, 999)
(124, 80, 999)
2008
(124, 80, 999)
(124, 80, 999)
(116, 80, 999)
(116, 80, 999)
(124, 80, 999)
(124, 80, 999)
(120, 80, 999)
(120, 80, 999)
(124, 80, 999)
(124, 80, 999)
(120, 80, 999)
(120, 80, 999)
(124, 80, 999)
(124, 80, 999)
(124, 80, 999)
(124, 80, 999)
(120, 80, 999)
(120, 80, 999)
(124, 80, 999)
(124, 80, 999)
(120, 80, 999)
(120, 80, 999)
(124, 80, 999)
(124, 80, 999)
2009
(124, 80, 999)
(124, 80, 999)
(112, 80, 999)
(116, 80, 999)
(124, 80, 999)
(124, 80, 999)
(120, 80, 999)
(120, 80, 999)
(116, 80, 999)
(116, 80, 999)
(120, 80, 999)
(120, 80, 999)
(124, 80, 999)
(124, 80, 999)
(124, 80, 999)
(124, 80, 999)
(120, 80, 999)
(120, 80, 999)
(124, 80, 999)
(124, 80, 999)
(120, 80, 999)
(120, 80, 999)
(124, 80, 999)
(124, 80, 999)
2010
(117, 80, 999)
(117, 80, 999)
(112, 80, 999)
(116, 80, 999)
(124, 80, 999)
(124, 80, 999)
(120, 80, 999)
(120, 80, 999)
(124, 80, 999)
(124, 80, 999)
(120, 80, 999)
(120, 80, 999)
(124, 80, 999)
(124, 80, 999)
(124, 80, 999)
(124, 80, 999)
(119, 80, 999)
(119, 80, 999)
(117, 80, 999)
(117, 80, 999)
(120, 80, 999)
(120, 80, 999)
(124, 80, 999)
(124, 80, 999)
2011
(124, 80, 999)
(124, 80, 999)
(112, 80, 999)
(116, 80, 999)
(124, 80, 999)
(124, 80, 999)
(120, 80, 999)
(120, 80, 999)
(124, 80, 999)
(124, 80, 999)
(120, 80, 999)
(120, 80, 999)
(124, 80, 999)
(124, 80, 999)
(124, 80, 999)
(124, 80, 999)
(120, 80, 999)
(120, 80, 999)
(124, 80, 999)
(124, 80, 999)
(120, 80, 999)
(120, 80, 999)
(124, 80, 999)
(124, 80, 999)
(5, 12)
Traceback (most recent call last):
  File "/var/spool/slurmdspool/job8870076/slurm_script", line 90, in <module>
    lats=np.mean(np.array(y_lats),0)
  File "<__array_function__ internals>", line 6, in mean
  File "/users/mjr583/scratch/python_environments/envs/my_env/lib/python3.7/site-packages/numpy/core/fromnumeric.py", line 3335, in mean
    out=out, **kwargs)
  File "/users/mjr583/scratch/python_environments/envs/my_env/lib/python3.7/site-packages/numpy/core/_methods.py", line 151, in _mean
    ret = umr_sum(arr, axis, dtype, out, keepdims)
ValueError: operands could not be broadcast together with shapes (124,80,999) (117,80,999) 

============================
 Job utilisation efficiency
============================

Job ID: 8870076
Cluster: viking
User/Group: mjr583/clusterusers
State: FAILED (exit code 1)
Cores: 1
CPU Utilized: 00:01:07
CPU Efficiency: 12.38% of 00:09:01 core-walltime
Job Wall-clock time: 00:09:01
Memory Utilized: 12.49 GB
Memory Efficiency: 44.62% of 28.00 GB
 Requested wall clock time: 00:30:00
    Actual wall clock time: 00:09:01
Wall clock time efficiency: 30.1%
           Job queued time: 00:00:20
