2007
2008
2009
2010
2011
2012
2013
2014
2015
2016
2017
2018
2019
Traceback (most recent call last):
  File "/var/spool/slurmdspool/job8869753/slurm_script", line 90, in <module>
    lats=np.nanmean(np.array(y_lats),0)
  File "<__array_function__ internals>", line 6, in nanmean
  File "/users/mjr583/scratch/python_environments/envs/my_env/lib/python3.7/site-packages/numpy/lib/nanfunctions.py", line 939, in nanmean
    arr, mask = _replace_nan(a, 0)
  File "/users/mjr583/scratch/python_environments/envs/my_env/lib/python3.7/site-packages/numpy/lib/nanfunctions.py", line 102, in _replace_nan
    mask = np.not_equal(a, a, dtype=bool)
ValueError: The truth value of an array with more than one element is ambiguous. Use a.any() or a.all()

============================
 Job utilisation efficiency
============================

Job ID: 8869753
Cluster: viking
User/Group: mjr583/clusterusers
State: FAILED (exit code 1)
Cores: 1
CPU Utilized: 00:00:57
CPU Efficiency: 8.55% of 00:11:07 core-walltime
Job Wall-clock time: 00:11:07
Memory Utilized: 13.21 GB
Memory Efficiency: 47.18% of 28.00 GB
 Requested wall clock time: 00:30:00
    Actual wall clock time: 00:11:07
Wall clock time efficiency: 37.1%
           Job queued time: 00:00:51
