2007
(0,)
(0,)
(0,)
(0,)
(0,)
(0,)
(0,)
(0,)
(0,)
(0,)
(0,)
(0,)
(0,)
(0,)
(0,)
(0,)
(0,)
(0,)
(0,)
(0,)
(0,)
(0,)
(0,)
(0,)
2008
(0,)
(0,)
(0,)
(0,)
(0,)
(0,)
(0,)
(0,)
(0,)
(0,)
(0,)
(0,)
(0,)
(0,)
(0,)
(0,)
(0,)
(0,)
(0,)
(0,)
(0,)
(0,)
(0,)
(0,)
2009
(0,)
(0,)
(0,)
(0,)
(0,)
(0,)
(0,)
(0,)
(0,)
(0,)
(0,)
(0,)
(0,)
(0,)
(0,)
(0,)
(0,)
(0,)
(0,)
(0,)
(0,)
(0,)
(0,)
(0,)
2010
(0,)
(0,)
(0,)
(0,)
(0,)
(0,)
(0,)
(0,)
(0,)
(0,)
(0,)
(0,)
(0,)
(0,)
(0,)
(0,)
(0,)
(0,)
(0,)
(0,)
(0,)
(0,)
(0,)
(0,)
2011
(0,)
(0,)
(0,)
(0,)
(0,)
(0,)
(0,)
(0,)
(0,)
(0,)
(0,)
(0,)
(0,)
(0,)
(0,)
(0,)
(0,)
(0,)
(0,)
(0,)
(0,)
(0,)
(0,)
(0,)
(5, 12, 0)
(12, 0)
Traceback (most recent call last):
  File "/var/spool/slurmdspool/job8870078/slurm_script", line 97, in <module>
    length = lats[m].shape[0]*lats[m].shape[1]*lats[m].shape[2]
IndexError: tuple index out of range

============================
 Job utilisation efficiency
============================

Job ID: 8870078
Cluster: viking
User/Group: mjr583/clusterusers
State: FAILED (exit code 1)
Cores: 1
CPU Utilized: 00:00:02
CPU Efficiency: 11.76% of 00:00:17 core-walltime
Job Wall-clock time: 00:00:17
Memory Utilized: 1.30 MB
Memory Efficiency: 0.00% of 28.00 GB
 Requested wall clock time: 00:30:00
    Actual wall clock time: 00:00:17
Wall clock time efficiency: 0.9%
           Job queued time: 00:00:02
