2007
(0,)
(0,)
(0,)
(0,)
(0,)
(0,)
(0,)
(0,)
(0,)
(0,)
(0,)
(0,)
(0,)
(0,)
(0,)
(0,)
(0,)
(0,)
(0,)
(0,)
(0,)
(0,)
(0,)
(0,)
2008
(0,)
(0,)
(0,)
(0,)
(0,)
(0,)
(0,)
(0,)
(0,)
(0,)
(0,)
(0,)
(0,)
(0,)
(0,)
(0,)
(0,)
(0,)
(0,)
(0,)
(0,)
(0,)
(0,)
(0,)
2009
(0,)
(0,)
(0,)
(0,)
(0,)
(0,)
(0,)
(0,)
(0,)
(0,)
(0,)
(0,)
(0,)
(0,)
(0,)
(0,)
(0,)
(0,)
(0,)
(0,)
(0,)
(0,)
(0,)
(0,)
2010
(0,)
(0,)
(0,)
(0,)
(0,)
(0,)
(0,)
(0,)
(0,)
(0,)
(0,)
(0,)
(0,)
(0,)
(0,)
(0,)
(0,)
(0,)
(0,)
(0,)
(0,)
(0,)
(0,)
(0,)
2011
(0,)
(0,)
(0,)
(0,)
(0,)
(0,)
(0,)
(0,)
(0,)
(0,)
(0,)
(0,)
(0,)
(0,)
(0,)
(0,)
(0,)
(0,)
(0,)
(0,)
(0,)
(0,)
(0,)
(0,)
2012
(0,)
(0,)
(0,)
(0,)
(0,)
(0,)
(0,)
(0,)
(0,)
(0,)
(0,)
(0,)
(0,)
(0,)
(0,)
(0,)
(0,)
(0,)
(0,)
(0,)
(0,)
(0,)
(0,)
(0,)
2013
(0,)
(0,)
(0,)
(0,)
(0,)
(0,)
(0,)
(0,)
(0,)
(0,)
(0,)
(0,)
(0,)
(0,)
(0,)
(0,)
(0,)
(0,)
(0,)
(0,)
(0,)
(0,)
(0,)
(0,)
2014
(0,)
(0,)
(0,)
(0,)
(0,)
(0,)
(0,)
(0,)
(0,)
(0,)
(0,)
(0,)
(0,)
(0,)
(0,)
(0,)
(0,)
(0,)
(0,)
(0,)
(0,)
(0,)
(0,)
(0,)
2015
(124, 80, 999)
(124, 80, 999)
(112, 80, 999)
(116, 80, 999)
(124, 80, 999)
(124, 80, 999)
(120, 80, 999)
(120, 80, 999)
(124, 80, 999)
(124, 80, 999)
(120, 80, 999)
(120, 80, 999)
(124, 80, 999)
(124, 80, 999)
(124, 80, 999)
(124, 80, 999)
(120, 80, 999)
(120, 80, 999)
(124, 80, 999)
(124, 80, 999)
(120, 80, 999)
(120, 80, 999)
(124, 80, 999)
(124, 80, 999)
2016
(124, 80, 999)
(124, 80, 999)
(116, 80, 999)
(116, 80, 999)
(124, 80, 999)
(124, 80, 999)
(120, 80, 999)
(120, 80, 999)
(83, 80, 999)
(83, 80, 999)
(120, 80, 999)
(120, 80, 999)
(124, 80, 999)
(124, 80, 999)
(124, 80, 999)
(124, 80, 999)
(120, 80, 999)
(120, 80, 999)
(124, 80, 999)
(124, 80, 999)
(120, 80, 999)
(120, 80, 999)
(124, 80, 999)
(124, 80, 999)
2017
(124, 80, 999)
(124, 80, 999)
(112, 80, 999)
(116, 80, 999)
(124, 80, 999)
(124, 80, 999)
(120, 80, 999)
(120, 80, 999)
(124, 80, 999)
(124, 80, 999)
(120, 80, 999)
(120, 80, 999)
(124, 80, 999)
(124, 80, 999)
(124, 80, 999)
(124, 80, 999)
(120, 80, 999)
(120, 80, 999)
(124, 80, 999)
(124, 80, 999)
(120, 80, 999)
(120, 80, 999)
(124, 80, 999)
(124, 80, 999)
2018
(124, 80, 999)
(124, 80, 999)
(112, 80, 999)
(116, 80, 999)
(124, 80, 999)
(124, 80, 999)
(120, 80, 999)
(120, 80, 999)
(124, 80, 999)
(124, 80, 999)
(120, 80, 999)
(120, 80, 999)
(124, 80, 999)
(124, 80, 999)
(124, 80, 999)
(124, 80, 999)
(120, 80, 999)
(120, 80, 999)
(124, 80, 999)
(124, 80, 999)
(120, 80, 999)
(120, 80, 999)
(124, 80, 999)
(124, 80, 999)
2019
(124, 80, 999)
(124, 80, 999)
(112, 80, 999)
(116, 80, 999)
(124, 80, 999)
(124, 80, 999)
(120, 80, 999)
(120, 80, 999)
(124, 80, 999)
(124, 80, 999)
(120, 80, 999)
(120, 80, 999)
(124, 80, 999)
(124, 80, 999)
(124, 80, 999)
(124, 80, 999)
(120, 80, 999)
(120, 80, 999)
(124, 80, 999)
(124, 80, 999)
(120, 80, 999)
(120, 80, 999)
(124, 80, 999)
(124, 80, 999)
(13, 12)
Traceback (most recent call last):
  File "/var/spool/slurmdspool/job8870068/slurm_script", line 91, in <module>
    lats=np.mean(np.array(y_lats),0)
  File "<__array_function__ internals>", line 6, in mean
  File "/users/mjr583/scratch/python_environments/envs/my_env/lib/python3.7/site-packages/numpy/core/fromnumeric.py", line 3335, in mean
    out=out, **kwargs)
  File "/users/mjr583/scratch/python_environments/envs/my_env/lib/python3.7/site-packages/numpy/core/_methods.py", line 151, in _mean
    ret = umr_sum(arr, axis, dtype, out, keepdims)
ValueError: operands could not be broadcast together with shapes (0,) (124,80,999) 

============================
 Job utilisation efficiency
============================

Job ID: 8870068
Cluster: viking
User/Group: mjr583/clusterusers
State: RUNNING
Cores: 1
CPU Utilized: 00:00:00
CPU Efficiency: 0.00% of 00:08:17 core-walltime
Job Wall-clock time: 00:08:17
Memory Utilized: 0.00 MB (estimated maximum)
Memory Efficiency: 0.00% of 28.00 GB (28.00 GB/node)
WARNING: Efficiency statistics may be misleading for RUNNING jobs.
 Requested wall clock time: 00:30:00
    Actual wall clock time: 00:08:16
Wall clock time efficiency: 27.6%
           Job queued time: 00:00:09
