/users/mjr583/scratch/python_environments/envs/my_env/lib/python3.7/site-packages/matplotlib/colors.py:1110: RuntimeWarning: invalid value encountered in less_equal
  mask |= resdat <= 0
Plot saved

============================
 Job utilisation efficiency
============================

Job ID: 8863068
Cluster: viking
User/Group: mjr583/clusterusers
State: COMPLETED (exit code 0)
Cores: 1
CPU Utilized: 00:02:04
CPU Efficiency: 51.24% of 00:04:02 core-walltime
Job Wall-clock time: 00:04:02
Memory Utilized: 4.17 GB
Memory Efficiency: 52.17% of 8.00 GB
 Requested wall clock time: 00:30:00
    Actual wall clock time: 00:04:02
Wall clock time efficiency: 13.4%
           Job queued time: 00:00:09
