/users/mjr583/scratch/python_environments/envs/my_env/lib/python3.7/site-packages/matplotlib/colors.py:1110: RuntimeWarning: invalid value encountered in less_equal
  mask |= resdat <= 0
2007
(124, 80, 999)
(124, 80, 999)
(112, 80, 999)
(116, 80, 999)
(124, 80, 999)
(124, 80, 999)
(120, 80, 999)
(120, 80, 999)
(124, 80, 999)
(124, 80, 999)
(120, 80, 999)
(120, 80, 999)
(124, 80, 999)
(124, 80, 999)
(124, 80, 999)
(124, 80, 999)
(120, 80, 999)
(120, 80, 999)
(124, 80, 999)
(124, 80, 999)
(120, 80, 999)
(120, 80, 999)
(124, 80, 999)
(124, 80, 999)
2008
(124, 80, 999)
(124, 80, 999)
(116, 80, 999)
(116, 80, 999)
(124, 80, 999)
(124, 80, 999)
(120, 80, 999)
(120, 80, 999)
(124, 80, 999)
(124, 80, 999)
(120, 80, 999)
(120, 80, 999)
(124, 80, 999)
(124, 80, 999)
(124, 80, 999)
(124, 80, 999)
(120, 80, 999)
(120, 80, 999)
(124, 80, 999)
(124, 80, 999)
(120, 80, 999)
(120, 80, 999)
(124, 80, 999)
(124, 80, 999)
2009
(124, 80, 999)
(124, 80, 999)
(112, 80, 999)
(116, 80, 999)
(124, 80, 999)
(124, 80, 999)
(120, 80, 999)
(120, 80, 999)
(124, 80, 999)
(124, 80, 999)
(120, 80, 999)
(120, 80, 999)
(124, 80, 999)
(124, 80, 999)
(124, 80, 999)
(124, 80, 999)
(120, 80, 999)
(120, 80, 999)
(124, 80, 999)
(124, 80, 999)
(120, 80, 999)
(120, 80, 999)
(124, 80, 999)
(124, 80, 999)
2010
(124, 80, 999)
(124, 80, 999)
(112, 80, 999)
(116, 80, 999)
(124, 80, 999)
(124, 80, 999)
(120, 80, 999)
(120, 80, 999)
(124, 80, 999)
(124, 80, 999)
(120, 80, 999)
(120, 80, 999)
(124, 80, 999)
(124, 80, 999)
(124, 80, 999)
(124, 80, 999)
(120, 80, 999)
(120, 80, 999)
(124, 80, 999)
(124, 80, 999)
(120, 80, 999)
(120, 80, 999)
(124, 80, 999)
(124, 80, 999)
2011
(124, 80, 999)
(124, 80, 999)
(112, 80, 999)
(116, 80, 999)
(124, 80, 999)
(124, 80, 999)
(120, 80, 999)
(120, 80, 999)
(124, 80, 999)
(124, 80, 999)
(120, 80, 999)
(120, 80, 999)
(124, 80, 999)
(124, 80, 999)
(124, 80, 999)
(124, 80, 999)
(120, 80, 999)
(120, 80, 999)
(124, 80, 999)
(124, 80, 999)
(120, 80, 999)
(120, 80, 999)
(124, 80, 999)
(124, 80, 999)
(5, 12)
(12,)
Plot saved

============================
 Job utilisation efficiency
============================

Job ID: 8870079
Cluster: viking
User/Group: mjr583/clusterusers
State: COMPLETED (exit code 0)
Cores: 1
CPU Utilized: 00:02:19
CPU Efficiency: 22.98% of 00:10:05 core-walltime
Job Wall-clock time: 00:10:05
Memory Utilized: 17.03 GB
Memory Efficiency: 60.80% of 28.00 GB
 Requested wall clock time: 00:30:00
    Actual wall clock time: 00:10:05
Wall clock time efficiency: 33.6%
           Job queued time: 00:00:29
