Traceback (most recent call last):
  File "/var/spool/slurmdspool/job8863069/slurm_script", line 55, in <module>
    lats=fh.variables['Latitude'][:]
KeyError: 'Latitude'

============================
 Job utilisation efficiency
============================

Job ID: 8863069
Cluster: viking
User/Group: mjr583/clusterusers
State: RUNNING
Cores: 1
CPU Utilized: 00:00:00
CPU Efficiency: 0.00% of 00:00:51 core-walltime
Job Wall-clock time: 00:00:51
Memory Utilized: 0.00 MB (estimated maximum)
Memory Efficiency: 0.00% of 8.00 GB (8.00 GB/node)
WARNING: Efficiency statistics may be misleading for RUNNING jobs.
 Requested wall clock time: 00:30:00
    Actual wall clock time: 00:00:51
Wall clock time efficiency: 2.8%
           Job queued time: 00:00:07
