2007
(124, 80, 999)
(124, 80, 999)
(112, 80, 999)
(116, 80, 999)
(124, 80, 999)
(124, 80, 999)
(120, 80, 999)
(120, 80, 999)
(124, 80, 999)
(124, 80, 999)
(120, 80, 999)
(120, 80, 999)
(124, 80, 999)
(124, 80, 999)
(124, 80, 999)
(124, 80, 999)
(120, 80, 999)
(120, 80, 999)
(124, 80, 999)
(124, 80, 999)
(120, 80, 999)
(120, 80, 999)
(124, 80, 999)
(124, 80, 999)
2008
(124, 80, 999)
(124, 80, 999)
(116, 80, 999)
(116, 80, 999)
(124, 80, 999)
(124, 80, 999)
(120, 80, 999)
(120, 80, 999)
(124, 80, 999)
(124, 80, 999)
(120, 80, 999)
(120, 80, 999)
(124, 80, 999)
(124, 80, 999)
(124, 80, 999)
(124, 80, 999)
(120, 80, 999)
(120, 80, 999)
(124, 80, 999)
(124, 80, 999)
(120, 80, 999)
(120, 80, 999)
(124, 80, 999)
(124, 80, 999)
2009
(124, 80, 999)
(124, 80, 999)
(112, 80, 999)
(116, 80, 999)
(124, 80, 999)
(124, 80, 999)
(120, 80, 999)
(120, 80, 999)
(116, 80, 999)
(116, 80, 999)
(120, 80, 999)
(120, 80, 999)
(124, 80, 999)
(124, 80, 999)
(124, 80, 999)
(124, 80, 999)
(120, 80, 999)
(120, 80, 999)
(124, 80, 999)
(124, 80, 999)
(120, 80, 999)
(120, 80, 999)
(124, 80, 999)
(124, 80, 999)
2010
(117, 80, 999)
(117, 80, 999)
(112, 80, 999)
(116, 80, 999)
(124, 80, 999)
(124, 80, 999)
(120, 80, 999)
(120, 80, 999)
(124, 80, 999)
(124, 80, 999)
(120, 80, 999)
(120, 80, 999)
(124, 80, 999)
(124, 80, 999)
(124, 80, 999)
(124, 80, 999)
(119, 80, 999)
(119, 80, 999)
(117, 80, 999)
(117, 80, 999)
(120, 80, 999)
(120, 80, 999)
(124, 80, 999)
(124, 80, 999)
2011
(124, 80, 999)
(124, 80, 999)
(112, 80, 999)
(116, 80, 999)
(124, 80, 999)
(124, 80, 999)
(120, 80, 999)
(120, 80, 999)
(124, 80, 999)
(124, 80, 999)
(120, 80, 999)
(120, 80, 999)
(124, 80, 999)
(124, 80, 999)
(124, 80, 999)
(124, 80, 999)
(120, 80, 999)
(120, 80, 999)
(124, 80, 999)
(124, 80, 999)
(120, 80, 999)
(120, 80, 999)
(124, 80, 999)
(124, 80, 999)
2012
(124, 80, 999)
(124, 80, 999)
(116, 80, 999)
(116, 80, 999)
(124, 80, 999)
(124, 80, 999)
(120, 80, 999)
(120, 80, 999)
Traceback (most recent call last):
  File "/var/spool/slurmdspool/job8870070/slurm_script", line 56, in <module>
    lats=fh.variables['Latitude'][:]
KeyError: 'Latitude'

============================
 Job utilisation efficiency
============================

Job ID: 8870070
Cluster: viking
User/Group: mjr583/clusterusers
State: FAILED (exit code 1)
Cores: 1
CPU Utilized: 00:01:01
CPU Efficiency: 11.23% of 00:09:03 core-walltime
Job Wall-clock time: 00:09:03
Memory Utilized: 13.37 GB
Memory Efficiency: 47.75% of 28.00 GB
 Requested wall clock time: 00:30:00
    Actual wall clock time: 00:09:03
Wall clock time efficiency: 30.2%
           Job queued time: 00:00:16
