/users/mjr583/scratch/python_environments/envs/my_env/lib/python3.7/site-packages/matplotlib/colors.py:1110: RuntimeWarning: invalid value encountered in less_equal
  mask |= resdat <= 0
Plot saved

============================
 Job utilisation efficiency
============================

Job ID: 8863067
Cluster: viking
User/Group: mjr583/clusterusers
State: COMPLETED (exit code 0)
Cores: 1
CPU Utilized: 00:02:11
CPU Efficiency: 53.04% of 00:04:07 core-walltime
Job Wall-clock time: 00:04:07
Memory Utilized: 3.93 GB
Memory Efficiency: 49.09% of 8.00 GB
 Requested wall clock time: 00:30:00
    Actual wall clock time: 00:04:07
Wall clock time efficiency: 13.7%
           Job queued time: 00:00:10
